<?xml version="1.0" encoding="UTF-8"?>
<testsuite name="trivia.UserTest" time="0.377" tests="3" errors="3" skipped="0" failures="0">
  <properties>
    <property name="java.runtime.name" value="Java(TM) SE Runtime Environment"/>
    <property name="sun.boot.library.path" value="/Library/Java/JavaVirtualMachines/jdk1.8.0_131.jdk/Contents/Home/jre/lib"/>
    <property name="java.vm.version" value="25.131-b11"/>
    <property name="user.country.format" value="AR"/>
    <property name="gopherProxySet" value="false"/>
    <property name="java.vm.vendor" value="Oracle Corporation"/>
    <property name="maven.multiModuleProjectDirectory" value="/Users/gabriel/Desktop/1"/>
    <property name="java.vendor.url" value="http://java.oracle.com/"/>
    <property name="path.separator" value=":"/>
    <property name="guice.disable.misplaced.annotation.check" value="true"/>
    <property name="java.vm.name" value="Java HotSpot(TM) 64-Bit Server VM"/>
    <property name="file.encoding.pkg" value="sun.io"/>
    <property name="user.country" value="ES"/>
    <property name="sun.java.launcher" value="SUN_STANDARD"/>
    <property name="sun.os.patch.level" value="unknown"/>
    <property name="java.vm.specification.name" value="Java Virtual Machine Specification"/>
    <property name="user.dir" value="/Users/gabriel/Desktop/1"/>
    <property name="java.runtime.version" value="1.8.0_131-b11"/>
    <property name="java.awt.graphicsenv" value="sun.awt.CGraphicsEnvironment"/>
    <property name="java.endorsed.dirs" value="/Library/Java/JavaVirtualMachines/jdk1.8.0_131.jdk/Contents/Home/jre/lib/endorsed"/>
    <property name="os.arch" value="x86_64"/>
    <property name="java.io.tmpdir" value="/var/folders/nv/slv33s3141b52kct42wvl2l40000gn/T/"/>
    <property name="line.separator" value="&#10;"/>
    <property name="java.vm.specification.vendor" value="Oracle Corporation"/>
    <property name="os.name" value="Mac OS X"/>
    <property name="classworlds.conf" value="/usr/local/Cellar/maven/3.5.0/libexec/bin/m2.conf"/>
    <property name="sun.jnu.encoding" value="UTF-8"/>
    <property name="java.library.path" value="/Users/gabriel/Library/Java/Extensions:/Library/Java/Extensions:/Network/Library/Java/Extensions:/System/Library/Java/Extensions:/usr/lib/java:."/>
    <property name="maven.conf" value="/usr/local/Cellar/maven/3.5.0/libexec/conf"/>
    <property name="java.specification.name" value="Java Platform API Specification"/>
    <property name="java.class.version" value="52.0"/>
    <property name="sun.management.compiler" value="HotSpot 64-Bit Tiered Compilers"/>
    <property name="os.version" value="10.12.5"/>
    <property name="library.jansi.path" value="/usr/local/Cellar/maven/3.5.0/libexec/lib/jansi-native/osx64"/>
    <property name="http.nonProxyHosts" value="local|*.local|169.254/16|*.169.254/16"/>
    <property name="user.home" value="/Users/gabriel"/>
    <property name="user.timezone" value="America/Argentina/Cordoba"/>
    <property name="java.awt.printerjob" value="sun.lwawt.macosx.CPrinterJob"/>
    <property name="java.specification.version" value="1.8"/>
    <property name="file.encoding" value="UTF-8"/>
    <property name="user.name" value="gabriel"/>
    <property name="java.class.path" value="/usr/local/Cellar/maven/3.5.0/libexec/boot/plexus-classworlds-2.5.2.jar"/>
    <property name="java.vm.specification.version" value="1.8"/>
    <property name="sun.arch.data.model" value="64"/>
    <property name="java.home" value="/Library/Java/JavaVirtualMachines/jdk1.8.0_131.jdk/Contents/Home/jre"/>
    <property name="sun.java.command" value="org.codehaus.plexus.classworlds.launcher.Launcher clean install"/>
    <property name="java.specification.vendor" value="Oracle Corporation"/>
    <property name="user.language" value="es"/>
    <property name="awt.toolkit" value="sun.lwawt.macosx.LWCToolkit"/>
    <property name="java.vm.info" value="mixed mode"/>
    <property name="java.version" value="1.8.0_131"/>
    <property name="java.ext.dirs" value="/Users/gabriel/Library/Java/Extensions:/Library/Java/JavaVirtualMachines/jdk1.8.0_131.jdk/Contents/Home/jre/lib/ext:/Library/Java/Extensions:/Network/Library/Java/Extensions:/System/Library/Java/Extensions:/usr/lib/java"/>
    <property name="sun.boot.class.path" value="/Library/Java/JavaVirtualMachines/jdk1.8.0_131.jdk/Contents/Home/jre/lib/resources.jar:/Library/Java/JavaVirtualMachines/jdk1.8.0_131.jdk/Contents/Home/jre/lib/rt.jar:/Library/Java/JavaVirtualMachines/jdk1.8.0_131.jdk/Contents/Home/jre/lib/sunrsasign.jar:/Library/Java/JavaVirtualMachines/jdk1.8.0_131.jdk/Contents/Home/jre/lib/jsse.jar:/Library/Java/JavaVirtualMachines/jdk1.8.0_131.jdk/Contents/Home/jre/lib/jce.jar:/Library/Java/JavaVirtualMachines/jdk1.8.0_131.jdk/Contents/Home/jre/lib/charsets.jar:/Library/Java/JavaVirtualMachines/jdk1.8.0_131.jdk/Contents/Home/jre/lib/jfr.jar:/Library/Java/JavaVirtualMachines/jdk1.8.0_131.jdk/Contents/Home/jre/classes"/>
    <property name="java.vendor" value="Oracle Corporation"/>
    <property name="maven.home" value="/usr/local/Cellar/maven/3.5.0/libexec"/>
    <property name="file.separator" value="/"/>
    <property name="java.vendor.url.bug" value="http://bugreport.sun.com/bugreport/"/>
    <property name="sun.cpu.endian" value="little"/>
    <property name="sun.io.unicode.encoding" value="UnicodeBig"/>
    <property name="socksNonProxyHosts" value="local|*.local|169.254/16|*.169.254/16"/>
    <property name="ftp.nonProxyHosts" value="local|*.local|169.254/16|*.169.254/16"/>
    <property name="sun.cpu.isalist" value=""/>
  </properties>
  <testcase name="validateExistenceOfUsername" classname="trivia.UserTest" time="0.354">
    <error message="Attribute: &apos;mail&apos; is not defined in model: &apos;class trivia.User. Available attributes: [created_at, id, password, updated_at, username]" type="java.lang.IllegalArgumentException">java.lang.IllegalArgumentException: Attribute: 'mail' is not defined in model: 'class trivia.User. Available attributes: [created_at, id, password, updated_at, username]
	at org.javalite.activejdbc.MetaModel.checkAttribute(MetaModel.java:431)
	at org.javalite.activejdbc.Model.setRaw(Model.java:325)
	at org.javalite.activejdbc.Model.set(Model.java:315)
	at trivia.UserTest.validateExistenceOfUsername(UserTest.java:62)
</error>
    <system-out><![CDATA[UserTest setup
UserTest tearDown
]]></system-out>
    <system-err><![CDATA[[main] WARN org.javalite.activejdbc.Registry - Failed to retrieve metadata for table: 'questions'. Are you sure this table exists? For some databases table names are case sensitive.
]]></system-err>
  </testcase>
  <testcase name="validateUniquenessOfUsernames" classname="trivia.UserTest" time="0.009">
    <error message="Attribute: &apos;mail&apos; is not defined in model: &apos;class trivia.User. Available attributes: [created_at, id, password, updated_at, username]" type="java.lang.IllegalArgumentException">java.lang.IllegalArgumentException: Attribute: 'mail' is not defined in model: 'class trivia.User. Available attributes: [created_at, id, password, updated_at, username]
	at org.javalite.activejdbc.MetaModel.checkAttribute(MetaModel.java:431)
	at org.javalite.activejdbc.Model.setRaw(Model.java:325)
	at org.javalite.activejdbc.Model.set(Model.java:315)
	at trivia.UserTest.validateUniquenessOfUsernames(UserTest.java:33)
</error>
    <system-out><![CDATA[UserTest setup
UserTest tearDown
]]></system-out>
  </testcase>
  <testcase name="validateUniquenessOfMmail" classname="trivia.UserTest" time="0.014">
    <error message="Attribute: &apos;mail&apos; is not defined in model: &apos;class trivia.User. Available attributes: [created_at, id, password, updated_at, username]" type="java.lang.IllegalArgumentException">java.lang.IllegalArgumentException: Attribute: 'mail' is not defined in model: 'class trivia.User. Available attributes: [created_at, id, password, updated_at, username]
	at org.javalite.activejdbc.MetaModel.checkAttribute(MetaModel.java:431)
	at org.javalite.activejdbc.Model.setRaw(Model.java:325)
	at org.javalite.activejdbc.Model.set(Model.java:315)
	at trivia.UserTest.validateUniquenessOfMmail(UserTest.java:47)
</error>
    <system-out><![CDATA[UserTest setup
UserTest tearDown
]]></system-out>
  </testcase>
</testsuite>