<?xml version="1.0" encoding="UTF-8"?>
<testsuite name="trivia.UserTest" time="0.377" tests="3" errors="3" skipped="0" failures="0">
  <properties>
[...]
</properties>
  <testcase name="validateExistenceOfUsername" classname="trivia.UserTest" time="0.354">
    <error message="Attribute: &apos;mail&apos; is not defined in model: &apos;class trivia.User. Available attributes: [created_at, id, password, updated_at, username]" type="java.lang.IllegalArgumentException">java.lang.IllegalArgumentException: Attribute: 'mail' is not defined in model: 'class trivia.User. Available attributes: [created_at, id, password, updated_at, username]
	at org.javalite.activejdbc.MetaModel.checkAttribute(MetaModel.java:431)
	at org.javalite.activejdbc.Model.setRaw(Model.java:325)
	at org.javalite.activejdbc.Model.set(Model.java:315)
	at trivia.UserTest.validateExistenceOfUsername(UserTest.java:62)
</error>
    <system-out><![CDATA[UserTest setup
UserTest tearDown
]]></system-out>
    <system-err><![CDATA[[main] WARN org.javalite.activejdbc.Registry - Failed to retrieve metadata for table: 'questions'. Are you sure this table exists? For some databases table names are case sensitive.
]]></system-err>
  </testcase>
  <testcase name="validateUniquenessOfUsernames" classname="trivia.UserTest" time="0.009">
    <error message="Attribute: &apos;mail&apos; is not defined in model: &apos;class trivia.User. Available attributes: [created_at, id, password, updated_at, username]" type="java.lang.IllegalArgumentException">java.lang.IllegalArgumentException: Attribute: 'mail' is not defined in model: 'class trivia.User. Available attributes: [created_at, id, password, updated_at, username]
	at org.javalite.activejdbc.MetaModel.checkAttribute(MetaModel.java:431)
	at org.javalite.activejdbc.Model.setRaw(Model.java:325)
	at org.javalite.activejdbc.Model.set(Model.java:315)
	at trivia.UserTest.validateUniquenessOfUsernames(UserTest.java:33)
</error>
    <system-out><![CDATA[UserTest setup
UserTest tearDown
]]></system-out>
  </testcase>
  <testcase name="validateUniquenessOfMmail" classname="trivia.UserTest" time="0.014">
    <error message="Attribute: &apos;mail&apos; is not defined in model: &apos;class trivia.User. Available attributes: [created_at, id, password, updated_at, username]" type="java.lang.IllegalArgumentException">java.lang.IllegalArgumentException: Attribute: 'mail' is not defined in model: 'class trivia.User. Available attributes: [created_at, id, password, updated_at, username]
	at org.javalite.activejdbc.MetaModel.checkAttribute(MetaModel.java:431)
	at org.javalite.activejdbc.Model.setRaw(Model.java:325)
	at org.javalite.activejdbc.Model.set(Model.java:315)
	at trivia.UserTest.validateUniquenessOfMmail(UserTest.java:47)
</error>
    <system-out><![CDATA[UserTest setup
UserTest tearDown
]]></system-out>
  </testcase>
</testsuite>